\BOOKMARK [1][-]{section.1}{Introduction}{}% 1
\BOOKMARK [1][-]{section.2}{An Example Use Case Scenario}{}% 2
\BOOKMARK [1][-]{section.3}{Proposed System Diagram}{}% 3
\BOOKMARK [2][-]{subsection.3.1}{Part I: Mapping Bug Source Code Links}{section.3}% 4
\BOOKMARK [2][-]{subsection.3.2}{Part II: Bug Localization}{section.3}% 5
\BOOKMARK [1][-]{section.4}{Proposed Approach}{}% 6
\BOOKMARK [2][-]{subsection.4.1}{Construction of Association Map Database Between Bug Reports and Source Files}{section.4}% 7
\BOOKMARK [2][-]{subsection.4.2}{Localizing Buggy Source Code Files}{section.4}% 8
\BOOKMARK [1][-]{section.5}{Related Work}{}% 9
\BOOKMARK [2][-]{subsection.5.1}{TF-IDF Based Bug Localization}{section.5}% 10
\BOOKMARK [2][-]{subsection.5.2}{Topic Model Based Bug Localization}{section.5}% 11
\BOOKMARK [1][-]{section.6}{Experiment}{}% 12
\BOOKMARK [2][-]{subsection.6.1}{Dataset}{section.6}% 13
\BOOKMARK [2][-]{subsection.6.2}{Data Collection}{section.6}% 14
\BOOKMARK [2][-]{subsection.6.3}{Performance Metrics}{section.6}% 15
\BOOKMARK [2][-]{subsection.6.4}{Experimental Results}{section.6}% 16
\BOOKMARK [2][-]{subsection.6.5}{Bug Localization using Mapping Database and Cosine Relationship}{section.6}% 17
\BOOKMARK [2][-]{subsection.6.6}{Bug Localization Technique using Mapping Database and Source Code's Cosine Relationship}{section.6}% 18
\BOOKMARK [2][-]{subsection.6.7}{Analysis on Required Number of Source Files for Proposed Techniques and Existing Technique}{section.6}% 19
\BOOKMARK [2][-]{subsection.6.8}{Method Level Computation}{section.6}% 20
\BOOKMARK [1][-]{section.7}{Related Work}{}% 21
\BOOKMARK [1][-]{section.8}{Threats to Validity}{}% 22
\BOOKMARK [1][-]{section.9}{Conclusion and Future Work}{}% 23
