\BOOKMARK [1][-]{section.1}{Introduction}{}% 1
\BOOKMARK [1][-]{section.2}{An Example Use Case Scenario}{}% 2
\BOOKMARK [1][-]{section.3}{Existing Approaches}{}% 3
\BOOKMARK [2][-]{subsection.3.1}{TF-IDF Based Bug Localization Technique:}{section.3}% 4
\BOOKMARK [2][-]{subsection.3.2}{LDA Topic Based Bug Localization Technique:}{section.3}% 5
\BOOKMARK [1][-]{section.4}{Proposed System Diagram}{}% 6
\BOOKMARK [2][-]{subsection.4.1}{Part I: Mapping Bug Source Code Links}{section.4}% 7
\BOOKMARK [2][-]{subsection.4.2}{Part II: Bug Localization}{section.4}% 8
\BOOKMARK [1][-]{section.5}{Proposed Approach}{}% 9
\BOOKMARK [2][-]{subsection.5.1}{Construction of Association Map Database Between Bug Reports and Source Files}{section.5}% 10
\BOOKMARK [2][-]{subsection.5.2}{Localizing Buggy Source Code Files}{section.5}% 11
\BOOKMARK [1][-]{section.6}{Experiment and Discussion}{}% 12
\BOOKMARK [2][-]{subsection.6.1}{Big Data Set}{section.6}% 13
\BOOKMARK [2][-]{subsection.6.2}{Data Collection}{section.6}% 14
\BOOKMARK [1][-]{section.7}{Experimental Results and Discussion}{}% 15
\BOOKMARK [2][-]{subsection.7.1}{Evaluation Metrices}{section.7}% 16
\BOOKMARK [2][-]{subsection.7.2}{Experimental Results}{section.7}% 17
\BOOKMARK [2][-]{subsection.7.3}{Bug Localization using Mapping Database and Cosine Relationship}{section.7}% 18
\BOOKMARK [2][-]{subsection.7.4}{Bug Localization Technique using Mapping Database and Source Code's Cosine Relationship}{section.7}% 19
\BOOKMARK [2][-]{subsection.7.5}{Analysis on Required Number of Source Files for Proposed Techniques and Existing Technique}{section.7}% 20
\BOOKMARK [2][-]{subsection.7.6}{Method Level Computation}{section.7}% 21
\BOOKMARK [1][-]{section.8}{Related Work}{}% 22
\BOOKMARK [1][-]{section.9}{Threats to Validity}{}% 23
\BOOKMARK [1][-]{section.10}{Conclusion and Future Work}{}% 24
